<?xml version="1.0" encoding="UTF-8"?>
<coverage generated="1586127204281" clover="3.2.0">
  <project timestamp="1586127204281" name="All files">
    <metrics statements="25" coveredstatements="25" conditionals="2" coveredconditionals="2" methods="7" coveredmethods="7" elements="34" coveredelements="34" complexity="0" loc="25" ncloc="25" packages="1" files="3" classes="3"/>
    <file name="itinerary.js" path="/home/aniko/Projects/MrCodes/cruise-ships/src/itinerary.js">
      <metrics statements="2" coveredstatements="2" conditionals="0" coveredconditionals="0" methods="1" coveredmethods="1"/>
      <line num="2" count="8" type="stmt"/>
      <line num="5" count="2" type="stmt"/>
    </file>
    <file name="port.js" path="/home/aniko/Projects/MrCodes/cruise-ships/src/port.js">
      <metrics statements="6" coveredstatements="6" conditionals="0" coveredconditionals="0" methods="3" coveredmethods="3"/>
      <line num="2" count="19" type="stmt"/>
      <line num="3" count="19" type="stmt"/>
      <line num="6" count="3" type="stmt"/>
      <line num="8" count="11" type="stmt"/>
      <line num="11" count="4" type="stmt"/>
      <line num="18" count="3" type="stmt"/>
    </file>
    <file name="ship.js" path="/home/aniko/Projects/MrCodes/cruise-ships/src/ship.js">
      <metrics statements="17" coveredstatements="17" conditionals="2" coveredconditionals="2" methods="3" coveredmethods="3"/>
      <line num="2" count="6" type="stmt"/>
      <line num="3" count="6" type="stmt"/>
      <line num="4" count="6" type="stmt"/>
      <line num="5" count="6" type="stmt"/>
      <line num="8" count="1" type="stmt"/>
      <line num="10" count="4" type="stmt"/>
      <line num="11" count="4" type="stmt"/>
      <line num="13" count="4" type="cond" truecount="2" falsecount="0"/>
      <line num="14" count="1" type="stmt"/>
      <line num="17" count="3" type="stmt"/>
      <line num="18" count="3" type="stmt"/>
      <line num="19" count="3" type="stmt"/>
      <line num="24" count="2" type="stmt"/>
      <line num="25" count="2" type="stmt"/>
      <line num="27" count="2" type="stmt"/>
      <line num="28" count="2" type="stmt"/>
      <line num="35" count="1" type="stmt"/>
    </file>
  </project>
</coverage>
