TN:
SF:src/itinerary.js
FN:1,Itinerary
FNF:1
FNH:1
FNDA:7,Itinerary
DA:2,7
DA:5,2
LF:2
LH:2
BRF:0
BRH:0
end_of_record
TN:
SF:src/port.js
FN:1,Port
FNF:1
FNH:1
FNDA:15,Port
DA:2,15
DA:9,3
LF:2
LH:2
BRF:0
BRH:0
end_of_record
TN:
SF:src/ship.js
FN:1,Ship
FN:8,(anonymous_1)
FN:21,(anonymous_2)
FNF:3
FNH:3
FNDA:5,Ship
FNDA:4,(anonymous_1)
FNDA:2,(anonymous_2)
DA:2,5
DA:3,5
DA:4,5
DA:7,1
DA:9,4
DA:10,4
DA:12,4
DA:13,1
DA:16,3
DA:17,3
DA:22,2
DA:23,2
DA:25,2
DA:32,1
LF:14
LH:14
BRDA:12,0,0,1
BRDA:12,0,1,3
BRF:2
BRH:2
end_of_record
