TN:
SF:src/itinerary.js
FN:1,Itinerary
FNF:1
FNH:1
FNDA:2,Itinerary
DA:2,2
DA:5,2
LF:2
LH:2
BRF:0
BRH:0
end_of_record
TN:
SF:src/port.js
FN:1,Port
FN:8,(anonymous_1)
FN:12,(anonymous_2)
FNF:3
FNH:3
FNDA:5,Port
FNDA:3,(anonymous_1)
FNDA:1,(anonymous_2)
DA:2,5
DA:3,5
DA:6,1
DA:9,3
DA:13,1
DA:17,1
LF:6
LH:6
BRF:0
BRH:0
end_of_record
TN:
SF:src/ship.js
FN:1,Ship
FN:10,(anonymous_1)
FN:21,(anonymous_2)
FNF:3
FNH:3
FNDA:6,Ship
FNDA:4,(anonymous_1)
FNDA:2,(anonymous_2)
DA:2,6
DA:3,6
DA:4,6
DA:5,6
DA:8,1
DA:11,4
DA:12,4
DA:13,1
DA:16,3
DA:17,3
DA:18,3
DA:22,2
DA:23,2
DA:24,2
DA:30,1
LF:15
LH:15
BRDA:12,0,0,1
BRDA:12,0,1,3
BRF:2
BRH:2
end_of_record
